<?xml version="1.0" encoding="UTF-8"?>
<!-- Generated by org.testng.reporters.JUnitXMLReporter -->
<testsuite ignored="0" hostname="DESKTOP-RJ7JUU8" failures="1" tests="3" name="Default test(failed)(failed)" time="0.156" errors="0" timestamp="2022-08-19T19:38:06 IST">
  <testcase classname="Testng_Prog.Disable_TC_Using_Suite" name="TC1" time="0.021"/>
  <testcase classname="Testng_Prog.Disable_TC_Using_Suite" name="TC2" time="0.005"/>
  <testcase classname="Testng_Prog.Disable_TC_Using_Suite" name="TC3" time="0.015">
    <failure type="java.lang.AssertionError">
      <![CDATA[java.lang.AssertionError
at Testng_Prog.Disable_TC_Using_Suite.TC3(Disable_TC_Using_Suite.java:23)
at java.base/java.util.ArrayList.forEach(ArrayList.java:1511)
... Removed 27 stack frames]]>
    </failure>
  </testcase> <!-- TC3 -->
</testsuite> <!-- Default test(failed)(failed) -->
