<?xml version="1.0" encoding="UTF-8"?>
<!-- Generated by org.testng.reporters.JUnitXMLReporter -->
<testsuite ignored="2" hostname="DESKTOP-RJ7JUU8" failures="1" tests="1" name="Default test(failed)(failed)(failed)" time="0.112" errors="0" timestamp="2022-08-19T19:40:03 IST">
  <testcase classname="Testng_Prog.Disable_TC_Using_Suite" name="TC3" time="0.019">
    <failure type="java.lang.AssertionError">
      <![CDATA[java.lang.AssertionError
at Testng_Prog.Disable_TC_Using_Suite.TC3(Disable_TC_Using_Suite.java:23)
at java.base/java.util.ArrayList.forEach(ArrayList.java:1511)
... Removed 27 stack frames]]>
    </failure>
  </testcase> <!-- TC3 -->
  <testcase classname="Testng_Prog.Disable_TC_Using_Suite" name="TC1" time="0.0">
    <ignored/>
  </testcase> <!-- TC1 -->
  <testcase classname="Testng_Prog.Disable_TC_Using_Suite" name="TC2" time="0.0">
    <ignored/>
  </testcase> <!-- TC2 -->
</testsuite> <!-- Default test(failed)(failed)(failed) -->
